<?xml version="1.0" encoding="UTF-8"?>
<testng-results ignored="0" total="1" passed="1" failed="0" skipped="0">
  <reporter-output>
  </reporter-output>
  <suite started-at="2023-03-31T15:24:37 IST" name="Default suite" finished-at="2023-03-31T15:25:01 IST" duration-ms="24288">
    <groups>
    </groups>
    <test started-at="2023-03-31T15:24:37 IST" name="Default test" finished-at="2023-03-31T15:25:01 IST" duration-ms="24288">
      <class name="sampleFlipkart.IphoneBooking">
        <test-method is-config="true" signature="configBS()[pri:0, instance:sampleFlipkart.IphoneBooking@1af2d44a]" started-at="2023-03-31T15:24:37 IST" name="configBS" finished-at="2023-03-31T15:24:37 IST" duration-ms="354" status="PASS">
          <reporter-output>
          </reporter-output>
        </test-method> <!-- configBS -->
        <test-method is-config="true" signature="configBC()[pri:0, instance:sampleFlipkart.IphoneBooking@1af2d44a]" started-at="2023-03-31T15:24:37 IST" name="configBC" finished-at="2023-03-31T15:24:59 IST" duration-ms="21483" status="PASS">
          <reporter-output>
          </reporter-output>
        </test-method> <!-- configBC -->
        <test-method is-config="true" signature="configBM()[pri:0, instance:sampleFlipkart.IphoneBooking@1af2d44a]" started-at="2023-03-31T15:24:59 IST" name="configBM" finished-at="2023-03-31T15:24:59 IST" duration-ms="1" status="PASS">
          <reporter-output>
          </reporter-output>
        </test-method> <!-- configBM -->
        <test-method signature="iphoneBooking()[pri:0, instance:sampleFlipkart.IphoneBooking@1af2d44a]" started-at="2023-03-31T15:24:59 IST" name="iphoneBooking" finished-at="2023-03-31T15:25:01 IST" duration-ms="2505" status="PASS">
          <reporter-output>
          </reporter-output>
        </test-method> <!-- iphoneBooking -->
        <test-method is-config="true" signature="configAM()[pri:0, instance:sampleFlipkart.IphoneBooking@1af2d44a]" started-at="2023-03-31T15:25:01 IST" name="configAM" finished-at="2023-03-31T15:25:01 IST" duration-ms="10" status="PASS">
          <reporter-output>
          </reporter-output>
        </test-method> <!-- configAM -->
        <test-method is-config="true" signature="configAC()[pri:0, instance:sampleFlipkart.IphoneBooking@1af2d44a]" started-at="2023-03-31T15:25:01 IST" name="configAC" finished-at="2023-03-31T15:25:01 IST" duration-ms="1" status="PASS">
          <reporter-output>
          </reporter-output>
        </test-method> <!-- configAC -->
        <test-method is-config="true" signature="configAS()[pri:0, instance:sampleFlipkart.IphoneBooking@1af2d44a]" started-at="2023-03-31T15:25:04 IST" name="configAS" finished-at="2023-03-31T15:25:04 IST" duration-ms="476" status="PASS">
          <reporter-output>
          </reporter-output>
        </test-method> <!-- configAS -->
      </class> <!-- sampleFlipkart.IphoneBooking -->
    </test> <!-- Default test -->
  </suite> <!-- Default suite -->
</testng-results>
